15:13:47 INFO  : Registering command handlers for SDK TCF services
15:14:05 INFO  : Result from executing command 'getProjects': hw
15:14:21 INFO  : Result from executing command 'getProjects': bsp;hw
15:14:21 INFO  : Result from executing command 'getProjects': bsp;hw
15:14:21 INFO  : Result from executing command 'getProjects': bsp;hw
15:14:21 INFO  : Result from executing command 'getProjects': bsp;hw
15:14:21 INFO  : Result from executing command 'getProjects': bsp;hw
15:14:21 INFO  : Result from executing command 'getProjects': bsp;hw
15:14:21 INFO  : Result from executing command 'getProjects': bsp;hw
15:14:21 INFO  : Result from executing command 'getProjects': bsp;hw
15:14:21 INFO  : Result from executing command 'getProjects': bsp;hw
15:14:21 INFO  : Result from executing command 'getProjects': bsp;hw
15:14:21 INFO  : Result from executing command 'getProjects': bsp;hw
15:14:21 INFO  : Result from executing command 'getProjects': bsp;hw
15:14:24 INFO  : Result from executing command 'getProjects': bsp;hw
15:14:27 INFO  : Result from executing command 'getDefinitions': {assembler-flags={description=Miscellaneous flags for assembler , props=add set}, build-config={values=Debug,Release, description=Get/set build configuration, props=set}, library-search-path={description=Search path for the libraries added, props=add remove}, compiler-misc={description=Compiler miscellaneous flags, props=add set}, define-compiler-symbols={description=Define symbols. Ex. MYSYMBOL, props=add remove}, compiler-optimization={values=None (-O0), Optimize (-O1), Optimize more (-O2), Optimize most (-O3), Optimize for size (-Os), description=Optimization level, props=set}, libraries={description=Libraries to be added while linking, props=add remove}, undef-compiler-symbols={description=Undefine symbols. Ex. MYSYMBOL, props=add remove}, linker-misc={description=Linker miscellaneous flags, props=add set}, include-path={description=Include path for header files, props=add remove}, linker-script={description=Linker script for linking the program sections, props=set}}
15:14:27 INFO  : Result from executing command 'getProjects': app_hello;bsp;hw
15:14:27 INFO  : Result from executing command 'add': null
16:19:58 INFO  : Registering command handlers for SDK TCF services
16:19:59 INFO  : Result from executing command 'getProjects': bsp;hw
16:22:36 INFO  : Registering command handlers for SDK TCF services
16:22:36 INFO  : Result from executing command 'getProjects': hw
16:22:39 INFO  : Result from executing command 'getProjects': bsp;hw
16:22:39 INFO  : Result from executing command 'getProjects': bsp;hw
16:22:39 INFO  : Result from executing command 'getProjects': bsp;hw
16:22:39 INFO  : Result from executing command 'getProjects': bsp;hw
16:22:39 INFO  : Result from executing command 'getProjects': bsp;hw
16:22:39 INFO  : Result from executing command 'getProjects': bsp;hw
16:22:39 INFO  : Result from executing command 'getProjects': bsp;hw
16:22:39 INFO  : Result from executing command 'getProjects': bsp;hw
16:22:39 INFO  : Result from executing command 'getProjects': bsp;hw
16:22:39 INFO  : Result from executing command 'getProjects': bsp;hw
16:22:39 INFO  : Result from executing command 'getProjects': bsp;hw
16:22:39 INFO  : Result from executing command 'getProjects': bsp;hw
16:22:42 INFO  : Result from executing command 'getProjects': bsp;hw
16:22:44 INFO  : Result from executing command 'getDefinitions': {assembler-flags={description=Miscellaneous flags for assembler , props=add set}, build-config={values=Debug,Release, description=Get/set build configuration, props=set}, library-search-path={description=Search path for the libraries added, props=add remove}, compiler-misc={description=Compiler miscellaneous flags, props=add set}, define-compiler-symbols={description=Define symbols. Ex. MYSYMBOL, props=add remove}, compiler-optimization={values=None (-O0), Optimize (-O1), Optimize more (-O2), Optimize most (-O3), Optimize for size (-Os), description=Optimization level, props=set}, libraries={description=Libraries to be added while linking, props=add remove}, undef-compiler-symbols={description=Undefine symbols. Ex. MYSYMBOL, props=add remove}, linker-misc={description=Linker miscellaneous flags, props=add set}, include-path={description=Include path for header files, props=add remove}, linker-script={description=Linker script for linking the program sections, props=set}}
16:22:44 INFO  : Result from executing command 'getProjects': app_hello;bsp;hw
16:22:44 INFO  : Result from executing command 'add': null
